app/build/intermediates/manifest_merge_blame_file/release/manifest-merger-blame-release-report.txt
1<?xml version="1.0" encoding="utf-8"?>
2<manifest xmlns:android="http://schemas.android.com/apk/res/android"
3    package="com.busyduniadevs.meditation"
4    android:versionCode="1"
5    android:versionName="1.0" >
6
7    <uses-sdk
8        android:minSdkVersion="27"
8-->src\main\AndroidManifest.xml
9        android:targetSdkVersion="34" />
9-->src\main\AndroidManifest.xml
10
11    <uses-permission android:name="android.permission.INTERNET" />
11-->src\main\AndroidManifest.xml:5:5-67
11-->src\main\AndroidManifest.xml:5:22-64
12    <uses-permission android:name="android.permission.ACCESS_NETWORK_STATE" />
12-->src\main\AndroidManifest.xml:6:5-79
12-->src\main\AndroidManifest.xml:6:22-76
13    <uses-permission android:name="android.permission.ACCESS_WIFI_STATE" />
13-->src\main\AndroidManifest.xml:7:5-76
13-->src\main\AndroidManifest.xml:7:22-73
14    <uses-permission android:name="android.permission.WRITE_EXTERNAL_STORAGE" />
14-->src\main\AndroidManifest.xml:8:5-81
14-->src\main\AndroidManifest.xml:8:22-78
15    <uses-permission android:name="android.permission.READ_EXTERNAL_STORAGE" />
15-->src\main\AndroidManifest.xml:9:5-80
15-->src\main\AndroidManifest.xml:9:22-77
16    <uses-permission android:name="android.permission.CAMERA" />
16-->src\main\AndroidManifest.xml:10:5-65
16-->src\main\AndroidManifest.xml:10:22-62
17
18    <!-- Create a unique permission for your app and use it so only your app can receive your OneSignal messages. -->
19    <permission
19-->[com.onesignal:OneSignal:4.8.6] AndroidManifest.xml:7:5-9:47
20        android:name="com.busyduniadevs.meditation.permission.C2D_MESSAGE"
20-->[com.onesignal:OneSignal:4.8.6] AndroidManifest.xml:8:9-63
21        android:protectionLevel="signature" />
21-->[com.onesignal:OneSignal:4.8.6] AndroidManifest.xml:9:9-44
22
23    <uses-permission android:name="com.busyduniadevs.meditation.permission.C2D_MESSAGE" /> <!-- OneSignal SDK has runtime checks Android version. -->
23-->[com.onesignal:OneSignal:4.8.6] AndroidManifest.xml:11:5-79
23-->[com.onesignal:OneSignal:4.8.6] AndroidManifest.xml:11:22-76
24    <!-- <uses-sdk tools:overrideLibrary="android.support.customtabs"/> -->
25    <!-- Required runtime permission to display notifications on Android 13 -->
26    <uses-permission android:name="android.permission.POST_NOTIFICATIONS" /> <!-- c2dm RECEIVE are basic requirements for push messages through Google's FCM -->
26-->[com.onesignal:OneSignal:4.8.6] AndroidManifest.xml:16:5-77
26-->[com.onesignal:OneSignal:4.8.6] AndroidManifest.xml:16:22-74
27    <uses-permission android:name="com.google.android.c2dm.permission.RECEIVE" /> <!-- Required, makes sure notifications are delivered on time. -->
27-->[com.onesignal:OneSignal:4.8.6] AndroidManifest.xml:18:5-82
27-->[com.onesignal:OneSignal:4.8.6] AndroidManifest.xml:18:22-79
28    <uses-permission android:name="android.permission.WAKE_LOCK" />
28-->[com.onesignal:OneSignal:4.8.6] AndroidManifest.xml:19:5-68
28-->[com.onesignal:OneSignal:4.8.6] AndroidManifest.xml:19:22-65
29    <!--
30 Required so the device vibrates on receiving a push notification.
31         Vibration settings of the device still apply.
32    -->
33    <uses-permission android:name="android.permission.VIBRATE" />
33-->[com.onesignal:OneSignal:4.8.6] AndroidManifest.xml:24:5-66
33-->[com.onesignal:OneSignal:4.8.6] AndroidManifest.xml:24:22-63
34    <!--
35 Use to restore notifications the user hasn't interacted with.
36         They could be missed notifications if the user reboots their device if this isn't in place.
37    -->
38    <uses-permission android:name="android.permission.RECEIVE_BOOT_COMPLETED" /> <!-- START: ShortcutBadger -->
38-->[com.onesignal:OneSignal:4.8.6] AndroidManifest.xml:30:5-81
38-->[com.onesignal:OneSignal:4.8.6] AndroidManifest.xml:30:22-78
39    <!-- Samsung -->
40    <uses-permission android:name="com.sec.android.provider.badge.permission.READ" />
40-->[com.onesignal:OneSignal:4.8.6] AndroidManifest.xml:32:5-86
40-->[com.onesignal:OneSignal:4.8.6] AndroidManifest.xml:32:22-83
41    <uses-permission android:name="com.sec.android.provider.badge.permission.WRITE" /> <!-- HTC -->
41-->[com.onesignal:OneSignal:4.8.6] AndroidManifest.xml:33:5-87
41-->[com.onesignal:OneSignal:4.8.6] AndroidManifest.xml:33:22-84
42    <uses-permission android:name="com.htc.launcher.permission.READ_SETTINGS" />
42-->[com.onesignal:OneSignal:4.8.6] AndroidManifest.xml:34:5-81
42-->[com.onesignal:OneSignal:4.8.6] AndroidManifest.xml:34:22-78
43    <uses-permission android:name="com.htc.launcher.permission.UPDATE_SHORTCUT" /> <!-- Sony -->
43-->[com.onesignal:OneSignal:4.8.6] AndroidManifest.xml:35:5-83
43-->[com.onesignal:OneSignal:4.8.6] AndroidManifest.xml:35:22-80
44    <uses-permission android:name="com.sonyericsson.home.permission.BROADCAST_BADGE" />
44-->[com.onesignal:OneSignal:4.8.6] AndroidManifest.xml:36:5-88
44-->[com.onesignal:OneSignal:4.8.6] AndroidManifest.xml:36:22-85
45    <uses-permission android:name="com.sonymobile.home.permission.PROVIDER_INSERT_BADGE" /> <!-- Apex -->
45-->[com.onesignal:OneSignal:4.8.6] AndroidManifest.xml:37:5-92
45-->[com.onesignal:OneSignal:4.8.6] AndroidManifest.xml:37:22-89
46    <uses-permission android:name="com.anddoes.launcher.permission.UPDATE_COUNT" /> <!-- Solid -->
46-->[com.onesignal:OneSignal:4.8.6] AndroidManifest.xml:38:5-84
46-->[com.onesignal:OneSignal:4.8.6] AndroidManifest.xml:38:22-81
47    <uses-permission android:name="com.majeur.launcher.permission.UPDATE_BADGE" /> <!-- Huawei -->
47-->[com.onesignal:OneSignal:4.8.6] AndroidManifest.xml:39:5-83
47-->[com.onesignal:OneSignal:4.8.6] AndroidManifest.xml:39:22-80
48    <uses-permission android:name="com.huawei.android.launcher.permission.CHANGE_BADGE" />
48-->[com.onesignal:OneSignal:4.8.6] AndroidManifest.xml:40:5-91
48-->[com.onesignal:OneSignal:4.8.6] AndroidManifest.xml:40:22-88
49    <uses-permission android:name="com.huawei.android.launcher.permission.READ_SETTINGS" />
49-->[com.onesignal:OneSignal:4.8.6] AndroidManifest.xml:41:5-92
49-->[com.onesignal:OneSignal:4.8.6] AndroidManifest.xml:41:22-89
50    <uses-permission android:name="com.huawei.android.launcher.permission.WRITE_SETTINGS" /> <!-- ZUK -->
50-->[com.onesignal:OneSignal:4.8.6] AndroidManifest.xml:42:5-93
50-->[com.onesignal:OneSignal:4.8.6] AndroidManifest.xml:42:22-90
51    <uses-permission android:name="android.permission.READ_APP_BADGE" /> <!-- OPPO -->
51-->[com.onesignal:OneSignal:4.8.6] AndroidManifest.xml:43:5-73
51-->[com.onesignal:OneSignal:4.8.6] AndroidManifest.xml:43:22-70
52    <uses-permission android:name="com.oppo.launcher.permission.READ_SETTINGS" />
52-->[com.onesignal:OneSignal:4.8.6] AndroidManifest.xml:44:5-82
52-->[com.onesignal:OneSignal:4.8.6] AndroidManifest.xml:44:22-79
53    <uses-permission android:name="com.oppo.launcher.permission.WRITE_SETTINGS" /> <!-- EvMe -->
53-->[com.onesignal:OneSignal:4.8.6] AndroidManifest.xml:45:5-83
53-->[com.onesignal:OneSignal:4.8.6] AndroidManifest.xml:45:22-80
54    <uses-permission android:name="me.everything.badger.permission.BADGE_COUNT_READ" />
54-->[com.onesignal:OneSignal:4.8.6] AndroidManifest.xml:46:5-88
54-->[com.onesignal:OneSignal:4.8.6] AndroidManifest.xml:46:22-85
55    <uses-permission android:name="me.everything.badger.permission.BADGE_COUNT_WRITE" />
55-->[com.onesignal:OneSignal:4.8.6] AndroidManifest.xml:47:5-89
55-->[com.onesignal:OneSignal:4.8.6] AndroidManifest.xml:47:22-86
56    <uses-permission android:name="android.permission.FOREGROUND_SERVICE" />
56-->[androidx.work:work-runtime:2.7.1] AndroidManifest.xml:28:5-77
56-->[androidx.work:work-runtime:2.7.1] AndroidManifest.xml:28:22-74
57
58    <permission
58-->[androidx.core:core:1.9.0] AndroidManifest.xml:22:5-24:47
59        android:name="com.busyduniadevs.meditation.DYNAMIC_RECEIVER_NOT_EXPORTED_PERMISSION"
59-->[androidx.core:core:1.9.0] AndroidManifest.xml:23:9-81
60        android:protectionLevel="signature" />
60-->[androidx.core:core:1.9.0] AndroidManifest.xml:24:9-44
61
62    <uses-permission android:name="com.busyduniadevs.meditation.DYNAMIC_RECEIVER_NOT_EXPORTED_PERMISSION" />
62-->[androidx.core:core:1.9.0] AndroidManifest.xml:26:5-97
62-->[androidx.core:core:1.9.0] AndroidManifest.xml:26:22-94
63
64    <application
64-->src\main\AndroidManifest.xml:12:5-140:19
65        android:allowBackup="true"
65-->src\main\AndroidManifest.xml:13:9-35
66        android:appComponentFactory="androidx.core.app.CoreComponentFactory"
66-->[androidx.core:core:1.9.0] AndroidManifest.xml:28:18-86
67        android:dataExtractionRules="@xml/data_extraction_rules"
67-->src\main\AndroidManifest.xml:14:9-65
68        android:extractNativeLibs="false"
69        android:fullBackupContent="@xml/backup_rules"
69-->src\main\AndroidManifest.xml:15:9-54
70        android:icon="@mipmap/ic_launcher"
70-->src\main\AndroidManifest.xml:16:9-43
71        android:label="@string/app_name"
71-->src\main\AndroidManifest.xml:17:9-41
72        android:roundIcon="@mipmap/ic_launcher_round"
72-->src\main\AndroidManifest.xml:18:9-54
73        android:supportsRtl="true"
73-->src\main\AndroidManifest.xml:19:9-35
74        android:theme="@style/Theme.Meditation" >
74-->src\main\AndroidManifest.xml:20:9-48
75        <activity
75-->src\main\AndroidManifest.xml:22:9-28:20
76            android:name="com.busyduniadevs.meditation.challangesall.Musclegain"
76-->src\main\AndroidManifest.xml:23:13-53
77            android:exported="false" >
77-->src\main\AndroidManifest.xml:24:13-37
78            <meta-data
78-->src\main\AndroidManifest.xml:25:13-27:36
79                android:name="android.app.lib_name"
79-->src\main\AndroidManifest.xml:26:17-52
80                android:value="" />
80-->src\main\AndroidManifest.xml:27:17-33
81        </activity>
82        <activity
82-->src\main\AndroidManifest.xml:29:9-35:20
83            android:name="com.busyduniadevs.meditation.challangesall.fitness"
83-->src\main\AndroidManifest.xml:30:13-50
84            android:exported="false" >
84-->src\main\AndroidManifest.xml:31:13-37
85            <meta-data
85-->src\main\AndroidManifest.xml:25:13-27:36
86                android:name="android.app.lib_name"
86-->src\main\AndroidManifest.xml:26:17-52
87                android:value="" />
87-->src\main\AndroidManifest.xml:27:17-33
88        </activity>
89        <activity
89-->src\main\AndroidManifest.xml:37:9-43:20
90            android:name="com.busyduniadevs.meditation.postlikedby.PostLikedByActivity"
90-->src\main\AndroidManifest.xml:38:13-60
91            android:exported="false" >
91-->src\main\AndroidManifest.xml:39:13-37
92            <meta-data
92-->src\main\AndroidManifest.xml:25:13-27:36
93                android:name="android.app.lib_name"
93-->src\main\AndroidManifest.xml:26:17-52
94                android:value="" />
94-->src\main\AndroidManifest.xml:27:17-33
95        </activity>
96        <activity
96-->src\main\AndroidManifest.xml:44:9-50:20
97            android:name="com.busyduniadevs.meditation.postdetails.PostDetailsActivity"
97-->src\main\AndroidManifest.xml:45:13-60
98            android:exported="false" >
98-->src\main\AndroidManifest.xml:46:13-37
99            <meta-data
99-->src\main\AndroidManifest.xml:25:13-27:36
100                android:name="android.app.lib_name"
100-->src\main\AndroidManifest.xml:26:17-52
101                android:value="" />
101-->src\main\AndroidManifest.xml:27:17-33
102        </activity>
103        <activity
103-->src\main\AndroidManifest.xml:51:9-57:20
104            android:name="com.busyduniadevs.meditation.challangesall.Yoga"
104-->src\main\AndroidManifest.xml:52:13-47
105            android:exported="false" >
105-->src\main\AndroidManifest.xml:53:13-37
106            <meta-data
106-->src\main\AndroidManifest.xml:25:13-27:36
107                android:name="android.app.lib_name"
107-->src\main\AndroidManifest.xml:26:17-52
108                android:value="" />
108-->src\main\AndroidManifest.xml:27:17-33
109        </activity>
110        <activity
110-->src\main\AndroidManifest.xml:58:9-64:20
111            android:name="com.busyduniadevs.meditation.challangesall.FinalActivity"
111-->src\main\AndroidManifest.xml:59:13-56
112            android:exported="false" >
112-->src\main\AndroidManifest.xml:60:13-37
113            <meta-data
113-->src\main\AndroidManifest.xml:25:13-27:36
114                android:name="android.app.lib_name"
114-->src\main\AndroidManifest.xml:26:17-52
115                android:value="" />
115-->src\main\AndroidManifest.xml:27:17-33
116        </activity>
117        <activity
117-->src\main\AndroidManifest.xml:65:9-71:20
118            android:name="com.busyduniadevs.meditation.seventyfivedays.AllExercises"
118-->src\main\AndroidManifest.xml:66:13-57
119            android:exported="false" >
119-->src\main\AndroidManifest.xml:67:13-37
120            <meta-data
120-->src\main\AndroidManifest.xml:25:13-27:36
121                android:name="android.app.lib_name"
121-->src\main\AndroidManifest.xml:26:17-52
122                android:value="" />
122-->src\main\AndroidManifest.xml:27:17-33
123        </activity>
124        <activity
124-->src\main\AndroidManifest.xml:72:9-78:20
125            android:name="com.busyduniadevs.meditation.plans.ShowNewsContentActivity"
125-->src\main\AndroidManifest.xml:73:13-58
126            android:exported="false" >
126-->src\main\AndroidManifest.xml:74:13-37
127            <meta-data
127-->src\main\AndroidManifest.xml:25:13-27:36
128                android:name="android.app.lib_name"
128-->src\main\AndroidManifest.xml:26:17-52
129                android:value="" />
129-->src\main\AndroidManifest.xml:27:17-33
130        </activity>
131        <activity
131-->src\main\AndroidManifest.xml:79:9-85:20
132            android:name="com.busyduniadevs.meditation.plans.Meal"
132-->src\main\AndroidManifest.xml:80:13-39
133            android:exported="false" >
133-->src\main\AndroidManifest.xml:81:13-37
134            <meta-data
134-->src\main\AndroidManifest.xml:25:13-27:36
135                android:name="android.app.lib_name"
135-->src\main\AndroidManifest.xml:26:17-52
136                android:value="" />
136-->src\main\AndroidManifest.xml:27:17-33
137        </activity>
138        <activity
138-->src\main\AndroidManifest.xml:86:9-98:20
139            android:name="com.busyduniadevs.meditation.starterfragment.SplashScreen"
139-->src\main\AndroidManifest.xml:87:13-57
140            android:exported="true" >
140-->src\main\AndroidManifest.xml:88:13-36
141            <intent-filter>
141-->src\main\AndroidManifest.xml:89:13-93:29
142                <action android:name="android.intent.action.MAIN" />
142-->src\main\AndroidManifest.xml:90:17-69
142-->src\main\AndroidManifest.xml:90:25-66
143
144                <category android:name="android.intent.category.LAUNCHER" />
144-->src\main\AndroidManifest.xml:92:17-77
144-->src\main\AndroidManifest.xml:92:27-74
145            </intent-filter>
146
147            <meta-data
147-->src\main\AndroidManifest.xml:25:13-27:36
148                android:name="android.app.lib_name"
148-->src\main\AndroidManifest.xml:26:17-52
149                android:value="" />
149-->src\main\AndroidManifest.xml:27:17-33
150        </activity>
151        <activity
151-->src\main\AndroidManifest.xml:99:9-105:20
152            android:name="com.busyduniadevs.meditation.starterfragment.WelcomeSecond"
152-->src\main\AndroidManifest.xml:100:13-58
153            android:exported="false" >
153-->src\main\AndroidManifest.xml:101:13-37
154            <meta-data
154-->src\main\AndroidManifest.xml:25:13-27:36
155                android:name="android.app.lib_name"
155-->src\main\AndroidManifest.xml:26:17-52
156                android:value="" />
156-->src\main\AndroidManifest.xml:27:17-33
157        </activity>
158        <activity
158-->src\main\AndroidManifest.xml:106:9-112:20
159            android:name="com.busyduniadevs.meditation.starterfragment.WelcomeFirst"
159-->src\main\AndroidManifest.xml:107:13-57
160            android:exported="false" >
160-->src\main\AndroidManifest.xml:108:13-37
161            <meta-data
161-->src\main\AndroidManifest.xml:25:13-27:36
162                android:name="android.app.lib_name"
162-->src\main\AndroidManifest.xml:26:17-52
163                android:value="" />
163-->src\main\AndroidManifest.xml:27:17-33
164        </activity>
165        <activity
165-->src\main\AndroidManifest.xml:113:9-119:20
166            android:name="com.busyduniadevs.meditation.authentication.Register"
166-->src\main\AndroidManifest.xml:114:13-52
167            android:exported="false" >
167-->src\main\AndroidManifest.xml:115:13-37
168            <meta-data
168-->src\main\AndroidManifest.xml:25:13-27:36
169                android:name="android.app.lib_name"
169-->src\main\AndroidManifest.xml:26:17-52
170                android:value="" />
170-->src\main\AndroidManifest.xml:27:17-33
171        </activity>
172        <activity
172-->src\main\AndroidManifest.xml:120:9-126:20
173            android:name="com.busyduniadevs.meditation.authentication.Login"
173-->src\main\AndroidManifest.xml:121:13-49
174            android:exported="false" >
174-->src\main\AndroidManifest.xml:122:13-37
175            <meta-data
175-->src\main\AndroidManifest.xml:25:13-27:36
176                android:name="android.app.lib_name"
176-->src\main\AndroidManifest.xml:26:17-52
177                android:value="" />
177-->src\main\AndroidManifest.xml:27:17-33
178        </activity>
179        <activity
179-->src\main\AndroidManifest.xml:127:9-139:20
180            android:name="com.busyduniadevs.meditation.MainActivity"
180-->src\main\AndroidManifest.xml:128:13-41
181            android:exported="true" >
181-->src\main\AndroidManifest.xml:129:13-36
182            <intent-filter>
182-->src\main\AndroidManifest.xml:89:13-93:29
183                <action android:name="android.intent.action.MAIN" />
183-->src\main\AndroidManifest.xml:90:17-69
183-->src\main\AndroidManifest.xml:90:25-66
184
185                <category android:name="android.intent.category.LAUNCHER" />
185-->src\main\AndroidManifest.xml:92:17-77
185-->src\main\AndroidManifest.xml:92:27-74
186            </intent-filter>
187
188            <meta-data
188-->src\main\AndroidManifest.xml:25:13-27:36
189                android:name="android.app.lib_name"
189-->src\main\AndroidManifest.xml:26:17-52
190                android:value="" />
190-->src\main\AndroidManifest.xml:27:17-33
191        </activity>
192
193        <receiver
193-->[com.onesignal:OneSignal:4.8.6] AndroidManifest.xml:50:9-61:20
194            android:name="com.onesignal.FCMBroadcastReceiver"
194-->[com.onesignal:OneSignal:4.8.6] AndroidManifest.xml:51:13-62
195            android:exported="true"
195-->[com.onesignal:OneSignal:4.8.6] AndroidManifest.xml:52:13-36
196            android:permission="com.google.android.c2dm.permission.SEND" >
196-->[com.onesignal:OneSignal:4.8.6] AndroidManifest.xml:53:13-73
197
198            <!-- High priority so OneSignal payloads can be filtered from other FCM receivers -->
199            <intent-filter android:priority="999" >
199-->[com.onesignal:OneSignal:4.8.6] AndroidManifest.xml:56:13-60:29
199-->[com.onesignal:OneSignal:4.8.6] AndroidManifest.xml:56:28-50
200                <action android:name="com.google.android.c2dm.intent.RECEIVE" />
200-->[com.onesignal:OneSignal:4.8.6] AndroidManifest.xml:57:17-81
200-->[com.onesignal:OneSignal:4.8.6] AndroidManifest.xml:57:25-78
201
202                <category android:name="com.busyduniadevs.meditation" />
202-->[com.onesignal:OneSignal:4.8.6] AndroidManifest.xml:59:17-61
202-->[com.onesignal:OneSignal:4.8.6] AndroidManifest.xml:59:27-58
203            </intent-filter>
204        </receiver>
205
206        <service
206-->[com.onesignal:OneSignal:4.8.6] AndroidManifest.xml:63:9-69:19
207            android:name="com.onesignal.HmsMessageServiceOneSignal"
207-->[com.onesignal:OneSignal:4.8.6] AndroidManifest.xml:64:13-68
208            android:exported="false" >
208-->[com.onesignal:OneSignal:4.8.6] AndroidManifest.xml:65:13-37
209            <intent-filter>
209-->[com.onesignal:OneSignal:4.8.6] AndroidManifest.xml:66:13-68:29
210                <action android:name="com.huawei.push.action.MESSAGING_EVENT" />
210-->[com.onesignal:OneSignal:4.8.6] AndroidManifest.xml:67:17-81
210-->[com.onesignal:OneSignal:4.8.6] AndroidManifest.xml:67:25-78
211            </intent-filter>
212        </service>
213
214        <activity
214-->[com.onesignal:OneSignal:4.8.6] AndroidManifest.xml:71:9-79:20
215            android:name="com.onesignal.NotificationOpenedActivityHMS"
215-->[com.onesignal:OneSignal:4.8.6] AndroidManifest.xml:72:13-71
216            android:exported="true"
216-->[com.onesignal:OneSignal:4.8.6] AndroidManifest.xml:73:13-36
217            android:noHistory="true"
217-->[com.onesignal:OneSignal:4.8.6] AndroidManifest.xml:74:13-37
218            android:theme="@android:style/Theme.Translucent.NoTitleBar" >
218-->[com.onesignal:OneSignal:4.8.6] AndroidManifest.xml:75:13-72
219            <intent-filter>
219-->[com.onesignal:OneSignal:4.8.6] AndroidManifest.xml:76:13-78:29
220                <action android:name="android.intent.action.VIEW" />
220-->[com.onesignal:OneSignal:4.8.6] AndroidManifest.xml:77:17-69
220-->[com.onesignal:OneSignal:4.8.6] AndroidManifest.xml:77:25-66
221            </intent-filter>
222        </activity>
223
224        <service
224-->[com.onesignal:OneSignal:4.8.6] AndroidManifest.xml:81:9-83:40
225            android:name="com.onesignal.FCMIntentService"
225-->[com.onesignal:OneSignal:4.8.6] AndroidManifest.xml:82:13-58
226            android:exported="false" />
226-->[com.onesignal:OneSignal:4.8.6] AndroidManifest.xml:83:13-37
227        <service
227-->[com.onesignal:OneSignal:4.8.6] AndroidManifest.xml:84:9-87:72
228            android:name="com.onesignal.FCMIntentJobService"
228-->[com.onesignal:OneSignal:4.8.6] AndroidManifest.xml:85:13-61
229            android:exported="false"
229-->[com.onesignal:OneSignal:4.8.6] AndroidManifest.xml:86:13-37
230            android:permission="android.permission.BIND_JOB_SERVICE" />
230-->[com.onesignal:OneSignal:4.8.6] AndroidManifest.xml:87:13-69
231        <service
231-->[com.onesignal:OneSignal:4.8.6] AndroidManifest.xml:88:9-91:43
232            android:name="com.onesignal.SyncService"
232-->[com.onesignal:OneSignal:4.8.6] AndroidManifest.xml:89:13-53
233            android:exported="false"
233-->[com.onesignal:OneSignal:4.8.6] AndroidManifest.xml:90:13-37
234            android:stopWithTask="true" />
234-->[com.onesignal:OneSignal:4.8.6] AndroidManifest.xml:91:13-40
235        <service
235-->[com.onesignal:OneSignal:4.8.6] AndroidManifest.xml:92:9-95:72
236            android:name="com.onesignal.SyncJobService"
236-->[com.onesignal:OneSignal:4.8.6] AndroidManifest.xml:93:13-56
237            android:exported="false"
237-->[com.onesignal:OneSignal:4.8.6] AndroidManifest.xml:94:13-37
238            android:permission="android.permission.BIND_JOB_SERVICE" />
238-->[com.onesignal:OneSignal:4.8.6] AndroidManifest.xml:95:13-69
239
240        <activity
240-->[com.onesignal:OneSignal:4.8.6] AndroidManifest.xml:97:9-100:75
241            android:name="com.onesignal.PermissionsActivity"
241-->[com.onesignal:OneSignal:4.8.6] AndroidManifest.xml:98:13-61
242            android:exported="false"
242-->[com.onesignal:OneSignal:4.8.6] AndroidManifest.xml:99:13-37
243            android:theme="@android:style/Theme.Translucent.NoTitleBar" />
243-->[com.onesignal:OneSignal:4.8.6] AndroidManifest.xml:100:13-72
244
245        <receiver
245-->[com.onesignal:OneSignal:4.8.6] AndroidManifest.xml:102:9-104:39
246            android:name="com.onesignal.NotificationDismissReceiver"
246-->[com.onesignal:OneSignal:4.8.6] AndroidManifest.xml:103:13-69
247            android:exported="true" />
247-->[com.onesignal:OneSignal:4.8.6] AndroidManifest.xml:104:13-36
248        <receiver
248-->[com.onesignal:OneSignal:4.8.6] AndroidManifest.xml:105:9-112:20
249            android:name="com.onesignal.BootUpReceiver"
249-->[com.onesignal:OneSignal:4.8.6] AndroidManifest.xml:106:13-56
250            android:exported="true" >
250-->[com.onesignal:OneSignal:4.8.6] AndroidManifest.xml:107:13-36
251            <intent-filter>
251-->[com.onesignal:OneSignal:4.8.6] AndroidManifest.xml:108:13-111:29
252                <action android:name="android.intent.action.BOOT_COMPLETED" />
252-->[com.onesignal:OneSignal:4.8.6] AndroidManifest.xml:109:17-79
252-->[com.onesignal:OneSignal:4.8.6] AndroidManifest.xml:109:25-76
253                <action android:name="android.intent.action.QUICKBOOT_POWERON" />
253-->[com.onesignal:OneSignal:4.8.6] AndroidManifest.xml:110:17-82
253-->[com.onesignal:OneSignal:4.8.6] AndroidManifest.xml:110:25-79
254            </intent-filter>
255        </receiver>
256        <receiver
256-->[com.onesignal:OneSignal:4.8.6] AndroidManifest.xml:113:9-119:20
257            android:name="com.onesignal.UpgradeReceiver"
257-->[com.onesignal:OneSignal:4.8.6] AndroidManifest.xml:114:13-57
258            android:exported="true" >
258-->[com.onesignal:OneSignal:4.8.6] AndroidManifest.xml:115:13-36
259            <intent-filter>
259-->[com.onesignal:OneSignal:4.8.6] AndroidManifest.xml:116:13-118:29
260                <action android:name="android.intent.action.MY_PACKAGE_REPLACED" />
260-->[com.onesignal:OneSignal:4.8.6] AndroidManifest.xml:117:17-84
260-->[com.onesignal:OneSignal:4.8.6] AndroidManifest.xml:117:25-81
261            </intent-filter>
262        </receiver>
263
264        <activity
264-->[com.onesignal:OneSignal:4.8.6] AndroidManifest.xml:121:9-127:75
265            android:name="com.onesignal.NotificationOpenedReceiver"
265-->[com.onesignal:OneSignal:4.8.6] AndroidManifest.xml:122:13-68
266            android:excludeFromRecents="true"
266-->[com.onesignal:OneSignal:4.8.6] AndroidManifest.xml:123:13-46
267            android:exported="true"
267-->[com.onesignal:OneSignal:4.8.6] AndroidManifest.xml:124:13-36
268            android:noHistory="true"
268-->[com.onesignal:OneSignal:4.8.6] AndroidManifest.xml:125:13-37
269            android:taskAffinity=""
269-->[com.onesignal:OneSignal:4.8.6] AndroidManifest.xml:126:13-36
270            android:theme="@android:style/Theme.Translucent.NoTitleBar" />
270-->[com.onesignal:OneSignal:4.8.6] AndroidManifest.xml:127:13-72
271        <activity
271-->[com.onesignal:OneSignal:4.8.6] AndroidManifest.xml:128:9-133:75
272            android:name="com.onesignal.NotificationOpenedReceiverAndroid22AndOlder"
272-->[com.onesignal:OneSignal:4.8.6] AndroidManifest.xml:129:13-85
273            android:excludeFromRecents="true"
273-->[com.onesignal:OneSignal:4.8.6] AndroidManifest.xml:130:13-46
274            android:exported="true"
274-->[com.onesignal:OneSignal:4.8.6] AndroidManifest.xml:131:13-36
275            android:noHistory="true"
275-->[com.onesignal:OneSignal:4.8.6] AndroidManifest.xml:132:13-37
276            android:theme="@android:style/Theme.Translucent.NoTitleBar" />
276-->[com.onesignal:OneSignal:4.8.6] AndroidManifest.xml:133:13-72
277        <activity
277-->[com.google.firebase:firebase-auth:22.0.0] AndroidManifest.xml:29:9-46:20
278            android:name="com.google.firebase.auth.internal.GenericIdpActivity"
278-->[com.google.firebase:firebase-auth:22.0.0] AndroidManifest.xml:30:13-80
279            android:excludeFromRecents="true"
279-->[com.google.firebase:firebase-auth:22.0.0] AndroidManifest.xml:31:13-46
280            android:exported="true"
280-->[com.google.firebase:firebase-auth:22.0.0] AndroidManifest.xml:32:13-36
281            android:launchMode="singleTask"
281-->[com.google.firebase:firebase-auth:22.0.0] AndroidManifest.xml:33:13-44
282            android:theme="@android:style/Theme.Translucent.NoTitleBar" >
282-->[com.google.firebase:firebase-auth:22.0.0] AndroidManifest.xml:34:13-72
283            <intent-filter>
283-->[com.google.firebase:firebase-auth:22.0.0] AndroidManifest.xml:35:13-45:29
284                <action android:name="android.intent.action.VIEW" />
284-->[com.onesignal:OneSignal:4.8.6] AndroidManifest.xml:77:17-69
284-->[com.onesignal:OneSignal:4.8.6] AndroidManifest.xml:77:25-66
285
286                <category android:name="android.intent.category.DEFAULT" />
286-->[com.google.firebase:firebase-auth:22.0.0] AndroidManifest.xml:38:17-76
286-->[com.google.firebase:firebase-auth:22.0.0] AndroidManifest.xml:38:27-73
287                <category android:name="android.intent.category.BROWSABLE" />
287-->[com.google.firebase:firebase-auth:22.0.0] AndroidManifest.xml:39:17-78
287-->[com.google.firebase:firebase-auth:22.0.0] AndroidManifest.xml:39:27-75
288
289                <data
289-->[com.google.firebase:firebase-auth:22.0.0] AndroidManifest.xml:41:17-44:51
290                    android:host="firebase.auth"
290-->[com.google.firebase:firebase-auth:22.0.0] AndroidManifest.xml:42:21-49
291                    android:path="/"
291-->[com.google.firebase:firebase-auth:22.0.0] AndroidManifest.xml:43:21-37
292                    android:scheme="genericidp" />
292-->[com.google.firebase:firebase-auth:22.0.0] AndroidManifest.xml:44:21-48
293            </intent-filter>
294        </activity>
295        <activity
295-->[com.google.firebase:firebase-auth:22.0.0] AndroidManifest.xml:47:9-64:20
296            android:name="com.google.firebase.auth.internal.RecaptchaActivity"
296-->[com.google.firebase:firebase-auth:22.0.0] AndroidManifest.xml:48:13-79
297            android:excludeFromRecents="true"
297-->[com.google.firebase:firebase-auth:22.0.0] AndroidManifest.xml:49:13-46
298            android:exported="true"
298-->[com.google.firebase:firebase-auth:22.0.0] AndroidManifest.xml:50:13-36
299            android:launchMode="singleTask"
299-->[com.google.firebase:firebase-auth:22.0.0] AndroidManifest.xml:51:13-44
300            android:theme="@android:style/Theme.Translucent.NoTitleBar" >